Generator(
  (main): Sequential(
    (0): ConvTranspose2d(100, 512, kernel_size=(4, 4), stride=(1, 1), bias=False)
    (1): BatchNorm2d(512, eps=1e-05, momentum=0.1, affine=True, track_running_stats=True)
    (2): ReLU(inplace=True)
    (3): ConvTranspose2d(512, 256, kernel_size=(4, 4), stride=(2, 2), padding=(1, 1), bias=False)
    (4): BatchNorm2d(256, eps=1e-05, momentum=0.1, affine=True, track_running_stats=True)
    (5): ReLU(inplace=True)
    (6): ConvTranspose2d(256, 128, kernel_size=(4, 4), stride=(2, 2), padding=(1, 1), bias=False)
    (7): BatchNorm2d(128, eps=1e-05, momentum=0.1, affine=True, track_running_stats=True)
    (8): ReLU(inplace=True)
    (9): ConvTranspose2d(128, 64, kernel_size=(4, 4), stride=(2, 2), padding=(1, 1), bias=False)
    (10): BatchNorm2d(64, eps=1e-05, momentum=0.1, affine=True, track_running_stats=True)
    (11): ReLU(inplace=True)
    (12): ConvTranspose2d(64, 3, kernel_size=(4, 4), stride=(2, 2), padding=(1, 1), bias=False)
    (13): Tanh()
  )
)
Discriminator(
  (main): Sequential(
    (0): Conv2d(3, 64, kernel_size=(4, 4), stride=(2, 2), padding=(1, 1), bias=False)
    (1): LeakyReLU(negative_slope=0.2, inplace=True)
    (2): Conv2d(64, 128, kernel_size=(4, 4), stride=(2, 2), padding=(1, 1), bias=False)
    (3): BatchNorm2d(128, eps=1e-05, momentum=0.1, affine=True, track_running_stats=True)
    (4): LeakyReLU(negative_slope=0.2, inplace=True)
    (5): Conv2d(128, 256, kernel_size=(4, 4), stride=(2, 2), padding=(1, 1), bias=False)
    (6): BatchNorm2d(256, eps=1e-05, momentum=0.1, affine=True, track_running_stats=True)
    (7): LeakyReLU(negative_slope=0.2, inplace=True)
    (8): Conv2d(256, 512, kernel_size=(4, 4), stride=(2, 2), padding=(1, 1), bias=False)
    (9): BatchNorm2d(512, eps=1e-05, momentum=0.1, affine=True, track_running_stats=True)
    (10): LeakyReLU(negative_slope=0.2, inplace=True)
    (11): Conv2d(512, 1, kernel_size=(4, 4), stride=(1, 1), bias=False)
    (12): Sigmoid()
  )
)
> Training
[0/10][0/151]	Loss_D: 1.8863	Loss_G: 2.5291	D(x): 0.7761	D(G(z)): 0.7413 / 0.1070
[0/10][50/151]	Loss_D: 0.0253	Loss_G: 7.3845	D(x): 0.9951	D(G(z)): 0.0200 / 0.0008
[0/10][100/151]	Loss_D: 0.0091	Loss_G: 8.0021	D(x): 0.9991	D(G(z)): 0.0081 / 0.0004
[0/10][150/151]	Loss_D: 0.0053	Loss_G: 7.8956	D(x): 0.9991	D(G(z)): 0.0043 / 0.0004
[1/10][0/151]	Loss_D: 0.0059	Loss_G: 7.9184	D(x): 0.9981	D(G(z)): 0.0040 / 0.0004
[1/10][50/151]	Loss_D: 0.0030	Loss_G: 8.0509	D(x): 0.9996	D(G(z)): 0.0026 / 0.0004
[1/10][100/151]	Loss_D: 0.0023	Loss_G: 7.9735	D(x): 0.9995	D(G(z)): 0.0018 / 0.0004
[1/10][150/151]	Loss_D: 0.0020	Loss_G: 8.2064	D(x): 0.9997	D(G(z)): 0.0017 / 0.0003
[2/10][0/151]	Loss_D: 0.0017	Loss_G: 8.1799	D(x): 0.9998	D(G(z)): 0.0015 / 0.0003
[2/10][50/151]	Loss_D: 0.0018	Loss_G: 7.9955	D(x): 0.9996	D(G(z)): 0.0014 / 0.0004
[2/10][100/151]	Loss_D: 0.0024	Loss_G: 8.2493	D(x): 0.9990	D(G(z)): 0.0013 / 0.0003
[2/10][150/151]	Loss_D: 1.2506	Loss_G: 17.2742	D(x): 1.0000	D(G(z)): 0.7039 / 0.0000
[3/10][0/151]	Loss_D: 0.0000	Loss_G: 20.7930	D(x): 1.0000	D(G(z)): 0.0000 / 0.0000
[3/10][50/151]	Loss_D: 0.0486	Loss_G: 7.6469	D(x): 0.9916	D(G(z)): 0.0389 / 0.0005
[3/10][100/151]	Loss_D: 0.0115	Loss_G: 3.1872	D(x): 0.9958	D(G(z)): 0.0071 / 0.0449
[3/10][150/151]	Loss_D: 0.4492	Loss_G: 7.3244	D(x): 0.6923	D(G(z)): 0.0001 / 0.0007
[4/10][0/151]	Loss_D: 0.0358	Loss_G: 3.3644	D(x): 0.9877	D(G(z)): 0.0230 / 0.0368
[4/10][50/151]	Loss_D: 0.3247	Loss_G: 8.7290	D(x): 0.7861	D(G(z)): 0.0013 / 0.0002
[4/10][100/151]	Loss_D: 0.1910	Loss_G: 4.8353	D(x): 0.9691	D(G(z)): 0.1422 / 0.0092
[4/10][150/151]	Loss_D: 0.1498	Loss_G: 4.9616	D(x): 0.9342	D(G(z)): 0.0676 / 0.0079
[5/10][0/151]	Loss_D: 0.1789	Loss_G: 4.3932	D(x): 0.9119	D(G(z)): 0.0665 / 0.0138
[5/10][50/151]	Loss_D: 0.1906	Loss_G: 5.0765	D(x): 0.9259	D(G(z)): 0.0818 / 0.0070
[5/10][100/151]	Loss_D: 0.2319	Loss_G: 8.1014	D(x): 0.9714	D(G(z)): 0.1795 / 0.0004
[5/10][150/151]	Loss_D: 0.1288	Loss_G: 5.9092	D(x): 0.9774	D(G(z)): 0.0965 / 0.0033
[6/10][0/151]	Loss_D: 0.0853	Loss_G: 5.1407	D(x): 0.9387	D(G(z)): 0.0156 / 0.0065
[6/10][50/151]	Loss_D: 0.0484	Loss_G: 5.4743	D(x): 0.9696	D(G(z)): 0.0155 / 0.0045
[6/10][100/151]	Loss_D: 0.0481	Loss_G: 6.4517	D(x): 0.9984	D(G(z)): 0.0450 / 0.0022
[6/10][150/151]	Loss_D: 0.1676	Loss_G: 6.5530	D(x): 0.8771	D(G(z)): 0.0049 / 0.0017
[7/10][0/151]	Loss_D: 0.2960	Loss_G: 2.1555	D(x): 0.8228	D(G(z)): 0.0276 / 0.1275
[7/10][50/151]	Loss_D: 0.0651	Loss_G: 3.1370	D(x): 0.9861	D(G(z)): 0.0490 / 0.0503
[7/10][100/151]	Loss_D: 0.0845	Loss_G: 2.7127	D(x): 0.9882	D(G(z)): 0.0694 / 0.0702
[7/10][150/151]	Loss_D: 0.1966	Loss_G: 3.7227	D(x): 0.8918	D(G(z)): 0.0539 / 0.0274
[8/10][0/151]	Loss_D: 0.3167	Loss_G: 5.3733	D(x): 0.9553	D(G(z)): 0.2258 / 0.0056
[8/10][50/151]	Loss_D: 0.9889	Loss_G: 7.7388	D(x): 0.9705	D(G(z)): 0.5693 / 0.0006
[8/10][100/151]	Loss_D: 0.2653	Loss_G: 4.8021	D(x): 0.8677	D(G(z)): 0.0596 / 0.0195
[8/10][150/151]	Loss_D: 0.1545	Loss_G: 4.9449	D(x): 0.8994	D(G(z)): 0.0240 / 0.0137
[9/10][0/151]	Loss_D: 0.1894	Loss_G: 3.3822	D(x): 0.8993	D(G(z)): 0.0552 / 0.0436
[9/10][50/151]	Loss_D: 0.3638	Loss_G: 5.4570	D(x): 0.9227	D(G(z)): 0.2330 / 0.0054
[9/10][100/151]	Loss_D: 2.0103	Loss_G: 2.3540	D(x): 0.2782	D(G(z)): 0.0007 / 0.1129
[9/10][150/151]	Loss_D: 0.8969	Loss_G: 7.4469	D(x): 0.9276	D(G(z)): 0.5258 / 0.0008
Training Time: 181.29875016212463 seconds
> Testing
Starting Testing Phase...
Test Loss: 3.1905
Test Accuracy: 11.76%
